  stdafx.cpp
d:\mi\documents\vs_2017_projects\aisd_3sem\aisd_kursovaya_3sem\aisd_kursovaya_3sem\graph.h(24): warning C4091: static : пропускается слева от "", когда ни одна переменная не объявлена
  AiSD_kursovaya_3sem.cpp
d:\mi\documents\vs_2017_projects\aisd_3sem\aisd_kursovaya_3sem\aisd_kursovaya_3sem\aisd_kursovaya_3sem.cpp(11): warning C4244: аргумент: преобразование "time_t" в "unsigned int", возможна потеря данных
  Graph.cpp
d:\mi\documents\vs_2017_projects\aisd_3sem\aisd_kursovaya_3sem\aisd_kursovaya_3sem\graph.cpp(47): warning C4018: <: несоответствие типов со знаком и без знака
d:\mi\documents\vs_2017_projects\aisd_3sem\aisd_kursovaya_3sem\aisd_kursovaya_3sem\graph.cpp(126): warning C4554: >>: проверьте порядок применения операторов на наличие ошибки; для четкого задания порядка используйте скобки
d:\mi\documents\vs_2017_projects\aisd_3sem\aisd_kursovaya_3sem\aisd_kursovaya_3sem\graph.cpp(126): warning C4244: инициализация: преобразование "int" в "float", возможна потеря данных
d:\mi\documents\vs_2017_projects\aisd_3sem\aisd_kursovaya_3sem\aisd_kursovaya_3sem\graph.cpp(131): warning C4244: *=: преобразование "double" в "float", возможна потеря данных
d:\mi\documents\vs_2017_projects\aisd_3sem\aisd_kursovaya_3sem\aisd_kursovaya_3sem\graph.cpp(133): warning C4244: *=: преобразование "double" в "float", возможна потеря данных
d:\mi\documents\vs_2017_projects\aisd_3sem\aisd_kursovaya_3sem\aisd_kursovaya_3sem\graph.cpp(156): warning C4244: /=: преобразование "double" в "int", возможна потеря данных
d:\mi\documents\vs_2017_projects\aisd_3sem\aisd_kursovaya_3sem\aisd_kursovaya_3sem\graph.cpp(183): warning C4018: <: несоответствие типов со знаком и без знака
d:\mi\documents\vs_2017_projects\aisd_3sem\aisd_kursovaya_3sem\aisd_kursovaya_3sem\graph.cpp(184): warning C4244: +=: преобразование "double" в "int", возможна потеря данных
d:\mi\documents\vs_2017_projects\aisd_3sem\aisd_kursovaya_3sem\aisd_kursovaya_3sem\graph.cpp(198): warning C4018: <: несоответствие типов со знаком и без знака
d:\mi\documents\vs_2017_projects\aisd_3sem\aisd_kursovaya_3sem\aisd_kursovaya_3sem\graph.cpp(201): warning C4018: <: несоответствие типов со знаком и без знака
d:\mi\documents\vs_2017_projects\aisd_3sem\aisd_kursovaya_3sem\aisd_kursovaya_3sem\graph.cpp(213): warning C4018: <: несоответствие типов со знаком и без знака
d:\mi\documents\vs_2017_projects\aisd_3sem\aisd_kursovaya_3sem\aisd_kursovaya_3sem\graph.cpp(232): warning C4018: >=: несоответствие типов со знаком и без знака
d:\mi\documents\vs_2017_projects\aisd_3sem\aisd_kursovaya_3sem\aisd_kursovaya_3sem\graph.cpp(248): warning C4018: <: несоответствие типов со знаком и без знака
d:\mi\documents\vs_2017_projects\aisd_3sem\aisd_kursovaya_3sem\aisd_kursovaya_3sem\graph.cpp(249): warning C4018: <: несоответствие типов со знаком и без знака
d:\mi\documents\vs_2017_projects\aisd_3sem\aisd_kursovaya_3sem\aisd_kursovaya_3sem\graph.cpp(256): warning C4018: <: несоответствие типов со знаком и без знака
d:\mi\documents\vs_2017_projects\aisd_3sem\aisd_kursovaya_3sem\aisd_kursovaya_3sem\graph.cpp(258): warning C4018: <: несоответствие типов со знаком и без знака
d:\mi\documents\vs_2017_projects\aisd_3sem\aisd_kursovaya_3sem\aisd_kursovaya_3sem\graph.cpp(259): warning C4018: <: несоответствие типов со знаком и без знака
d:\mi\documents\vs_2017_projects\aisd_3sem\aisd_kursovaya_3sem\aisd_kursovaya_3sem\graph.cpp(267): warning C4018: <: несоответствие типов со знаком и без знака
d:\mi\documents\vs_2017_projects\aisd_3sem\aisd_kursovaya_3sem\aisd_kursovaya_3sem\graph.cpp(269): warning C4018: <: несоответствие типов со знаком и без знака
d:\mi\documents\vs_2017_projects\aisd_3sem\aisd_kursovaya_3sem\aisd_kursovaya_3sem\graph.cpp(282): warning C4018: <: несоответствие типов со знаком и без знака
d:\mi\documents\vs_2017_projects\aisd_3sem\aisd_kursovaya_3sem\aisd_kursovaya_3sem\graph.cpp(284): warning C4018: <: несоответствие типов со знаком и без знака
d:\mi\documents\vs_2017_projects\aisd_3sem\aisd_kursovaya_3sem\aisd_kursovaya_3sem\graph.cpp(295): warning C4018: <: несоответствие типов со знаком и без знака
d:\mi\documents\vs_2017_projects\aisd_3sem\aisd_kursovaya_3sem\aisd_kursovaya_3sem\graph.cpp(318): warning C4018: <: несоответствие типов со знаком и без знака
d:\mi\documents\vs_2017_projects\aisd_3sem\aisd_kursovaya_3sem\aisd_kursovaya_3sem\graph.cpp(333): warning C4244: инициализация: преобразование "const float" в "int", возможна потеря данных
d:\mi\documents\vs_2017_projects\aisd_3sem\aisd_kursovaya_3sem\aisd_kursovaya_3sem\graph.cpp(343): warning C4018: >=: несоответствие типов со знаком и без знака
d:\mi\documents\vs_2017_projects\aisd_3sem\aisd_kursovaya_3sem\aisd_kursovaya_3sem\graph.cpp(355): warning C4018: >=: несоответствие типов со знаком и без знака
d:\mi\documents\vs_2017_projects\aisd_3sem\aisd_kursovaya_3sem\aisd_kursovaya_3sem\graph.cpp(362): warning C4018: <: несоответствие типов со знаком и без знака
d:\mi\documents\vs_2017_projects\aisd_3sem\aisd_kursovaya_3sem\aisd_kursovaya_3sem\graph.cpp(365): warning C4018: <: несоответствие типов со знаком и без знака
d:\mi\documents\vs_2017_projects\aisd_3sem\aisd_kursovaya_3sem\aisd_kursovaya_3sem\graph.cpp(6): warning C4244: =: преобразование "const float" в "int", возможна потеря данных
d:\mi\documents\vs_2017_projects\aisd_3sem\aisd_kursovaya_3sem\aisd_kursovaya_3sem\graph.cpp(373): warning C4018: <: несоответствие типов со знаком и без знака
d:\mi\documents\vs_2017_projects\aisd_3sem\aisd_kursovaya_3sem\aisd_kursovaya_3sem\graph.cpp(376): warning C4244: =: преобразование "float" в "int", возможна потеря данных
d:\mi\documents\vs_2017_projects\aisd_3sem\aisd_kursovaya_3sem\aisd_kursovaya_3sem\graph.cpp(393): warning C4244: инициализация: преобразование "const float" в "int", возможна потеря данных
d:\mi\documents\vs_2017_projects\aisd_3sem\aisd_kursovaya_3sem\aisd_kursovaya_3sem\graph.cpp(403): warning C4018: >=: несоответствие типов со знаком и без знака
d:\mi\documents\vs_2017_projects\aisd_3sem\aisd_kursovaya_3sem\aisd_kursovaya_3sem\graph.cpp(413): warning C4018: >=: несоответствие типов со знаком и без знака
d:\mi\documents\vs_2017_projects\aisd_3sem\aisd_kursovaya_3sem\aisd_kursovaya_3sem\graph.cpp(426): warning C4018: <: несоответствие типов со знаком и без знака
d:\mi\documents\vs_2017_projects\aisd_3sem\aisd_kursovaya_3sem\aisd_kursovaya_3sem\graph.cpp(445): warning C4018: <: несоответствие типов со знаком и без знака
d:\mi\documents\vs_2017_projects\aisd_3sem\aisd_kursovaya_3sem\aisd_kursovaya_3sem\graph.cpp(468): warning C4018: <: несоответствие типов со знаком и без знака
d:\program files (x86)\microsoft visual studio\2017\community\vc\tools\msvc\14.13.26128\include\utility(233): warning C4244: инициализация: преобразование "float" в "int", возможна потеря данных
  d:\mi\documents\vs_2017_projects\aisd_3sem\aisd_kursovaya_3sem\aisd_kursovaya_3sem\graph.cpp(430): note: выполняется компиляция ссылки на экземпляр шаблон функции "std::pair<int,int>::pair<float,int,0>(std::pair<float,int> &&) noexcept"
  d:\mi\documents\vs_2017_projects\aisd_3sem\aisd_kursovaya_3sem\aisd_kursovaya_3sem\graph.cpp(430): note: выполняется компиляция ссылки на экземпляр шаблон функции "std::pair<int,int>::pair<float,int,0>(std::pair<float,int> &&) noexcept"
  Создание кода...
  AiSD_kursovaya_3sem.vcxproj -> D:\mi\Documents\VS_2017_PROJECTS\AiSD_3sem\AiSD_kursovaya_3sem\Debug\AiSD_kursovaya_3sem.exe
